<?xml version="1.0" encoding="UTF-8"?>
<!-- Generated by org.testng.reporters.JUnitReportReporter -->
<testsuite hostname="Toluwalase" name="com.operator.testcases.ValidateLogin" tests="4" failures="0" timestamp="23 Apr 2020 14:09:38 GMT" time="134.496" errors="0">
  <testcase name="validatelogin" time="30.681" classname="com.operator.testcases.ValidateLogin"/>
  <testcase name="validatelogin" time="38.977" classname="com.operator.testcases.ValidateLogin"/>
  <testcase name="validatelogin" time="33.116" classname="com.operator.testcases.ValidateLogin"/>
  <testcase name="validatelogin" time="31.722" classname="com.operator.testcases.ValidateLogin"/>
</testsuite> <!-- com.operator.testcases.ValidateLogin -->
