<?xml version="1.0" encoding="UTF-8"?>
<!-- Generated by org.testng.reporters.JUnitReportReporter -->
<testsuite hostname="Toluwalase" name="com.operator.testcases.ValidateLogin" tests="5" failures="0" timestamp="19 Oct 2020 12:36:08 GMT" time="443.823" errors="0">
  <testcase name="validatelogin" time="21.611" classname="com.operator.testcases.ValidateLogin"/>
  <testcase name="validatelogin" time="21.176" classname="com.operator.testcases.ValidateLogin"/>
  <testcase name="validatelogin" time="261.380" classname="com.operator.testcases.ValidateLogin"/>
  <testcase name="validatelogin" time="76.019" classname="com.operator.testcases.ValidateLogin"/>
  <testcase name="validatelogin" time="63.637" classname="com.operator.testcases.ValidateLogin"/>
</testsuite> <!-- com.operator.testcases.ValidateLogin -->
