<?xml version="1.0" encoding="UTF-8"?>
<!-- Generated by org.testng.reporters.JUnitReportReporter -->
<testsuite hostname="Toluwalase" name="com.operator.testcases.ValidateLogin" tests="5" failures="0" timestamp="19 Oct 2020 11:42:09 GMT" time="130.143" errors="0">
  <testcase name="validatelogin" time="28.968" classname="com.operator.testcases.ValidateLogin"/>
  <testcase name="validatelogin" time="25.131" classname="com.operator.testcases.ValidateLogin"/>
  <testcase name="validatelogin" time="28.576" classname="com.operator.testcases.ValidateLogin"/>
  <testcase name="validatelogin" time="25.616" classname="com.operator.testcases.ValidateLogin"/>
  <testcase name="validatelogin" time="21.852" classname="com.operator.testcases.ValidateLogin"/>
</testsuite> <!-- com.operator.testcases.ValidateLogin -->
