<?xml version="1.0" encoding="UTF-8"?>
<!-- Generated by org.testng.reporters.JUnitReportReporter -->
<testsuite hostname="Toluwalase" name="com.operator.testcases.ValidateLogin" tests="5" failures="0" timestamp="19 Oct 2020 12:23:35 GMT" time="114.467" errors="0">
  <testcase name="validatelogin" time="20.799" classname="com.operator.testcases.ValidateLogin"/>
  <testcase name="validatelogin" time="16.528" classname="com.operator.testcases.ValidateLogin"/>
  <testcase name="validatelogin" time="22.707" classname="com.operator.testcases.ValidateLogin"/>
  <testcase name="validatelogin" time="34.839" classname="com.operator.testcases.ValidateLogin"/>
  <testcase name="validatelogin" time="19.594" classname="com.operator.testcases.ValidateLogin"/>
</testsuite> <!-- com.operator.testcases.ValidateLogin -->
